app/manifest-merger-release-report.txt
-- Merging decision tree log ---
manifest
ADDED from AndroidManifest.xml:2:1
	xmlns:android
		ADDED from AndroidManifest.xml:2:11
	package
		ADDED from AndroidManifest.xml:3:5
		INJECTED from AndroidManifest.xml:0:0
		INJECTED from AndroidManifest.xml:0:0
	android:versionName
		INJECTED from AndroidManifest.xml:0:0
		INJECTED from AndroidManifest.xml:0:0
	android:versionCode
		INJECTED from AndroidManifest.xml:0:0
		INJECTED from AndroidManifest.xml:0:0
uses-permission#android.permission.INTERNET
ADDED from AndroidManifest.xml:5:5
	android:name
		ADDED from AndroidManifest.xml:5:22
uses-permission#android.permission.ACCESS_COARSE_LOCATION
ADDED from AndroidManifest.xml:6:5
	android:name
		ADDED from AndroidManifest.xml:6:22
uses-permission#android.permission.ACCESS_NETWORK_STATE
ADDED from AndroidManifest.xml:7:5
	android:name
		ADDED from AndroidManifest.xml:7:22
uses-permission#android.permission.READ_SYNC_SETTINGS
ADDED from AndroidManifest.xml:8:5
	android:name
		ADDED from AndroidManifest.xml:8:22
uses-permission#android.permission.WRITE_SYNC_SETTINGS
ADDED from AndroidManifest.xml:9:5
	android:name
		ADDED from AndroidManifest.xml:9:22
uses-permission#android.permission.AUTHENTICATE_ACCOUNTS
ADDED from AndroidManifest.xml:10:5
	android:name
		ADDED from AndroidManifest.xml:10:22
application
ADDED from AndroidManifest.xml:12:5
MERGED from com.android.support:appcompat-v7:21.0.3:16:5
MERGED from com.android.support:support-v4:21.0.3:16:5
	android:label
		ADDED from AndroidManifest.xml:15:9
	android:allowBackup
		ADDED from AndroidManifest.xml:13:9
	android:icon
		ADDED from AndroidManifest.xml:14:9
	android:theme
		ADDED from AndroidManifest.xml:16:9
activity#com.fiktivo.neighbourhood.MainActivity
ADDED from AndroidManifest.xml:17:9
	android:label
		ADDED from AndroidManifest.xml:19:13
	android:name
		ADDED from AndroidManifest.xml:18:13
intent-filter#android.intent.action.MAIN+android.intent.category.LAUNCHER
ADDED from AndroidManifest.xml:20:13
action#android.intent.action.MAIN
ADDED from AndroidManifest.xml:21:17
	android:name
		ADDED from AndroidManifest.xml:21:25
category#android.intent.category.LAUNCHER
ADDED from AndroidManifest.xml:23:17
	android:name
		ADDED from AndroidManifest.xml:23:27
activity#com.fiktivo.neighbourhood.PlacesActivity
ADDED from AndroidManifest.xml:26:9
	android:label
		ADDED from AndroidManifest.xml:28:13
	android:parentActivityName
		ADDED from AndroidManifest.xml:29:13
	android:name
		ADDED from AndroidManifest.xml:27:13
meta-data#android.support.PARENT_ACTIVITY
ADDED from AndroidManifest.xml:30:13
	android:name
		ADDED from AndroidManifest.xml:31:17
	android:value
		ADDED from AndroidManifest.xml:32:17
provider#com.fiktivo.neighbourhood.PlacesProvider
ADDED from AndroidManifest.xml:35:9
	android:syncable
		ADDED from AndroidManifest.xml:37:13
	android:authorities
		ADDED from AndroidManifest.xml:38:13
	android:name
		ADDED from AndroidManifest.xml:36:13
service#com.fiktivo.neighbourhood.sync.NeighbourhoodAuthenticatorService
ADDED from AndroidManifest.xml:40:9
	android:name
		ADDED from AndroidManifest.xml:40:18
intent-filter#android.accounts.AccountAuthenticator
ADDED from AndroidManifest.xml:41:13
action#android.accounts.AccountAuthenticator
ADDED from AndroidManifest.xml:42:17
	android:name
		ADDED from AndroidManifest.xml:42:25
meta-data#android.accounts.AccountAuthenticator
ADDED from AndroidManifest.xml:44:13
	android:resource
		ADDED from AndroidManifest.xml:46:17
	android:name
		ADDED from AndroidManifest.xml:45:17
service#com.fiktivo.neighbourhood.sync.NeighbourhoodSyncService
ADDED from AndroidManifest.xml:49:9
	android:exported
		ADDED from AndroidManifest.xml:51:13
	android:name
		ADDED from AndroidManifest.xml:50:13
intent-filter#android.content.SyncAdapter
ADDED from AndroidManifest.xml:52:13
action#android.content.SyncAdapter
ADDED from AndroidManifest.xml:53:17
	android:name
		ADDED from AndroidManifest.xml:53:25
meta-data#android.content.SyncAdapter
ADDED from AndroidManifest.xml:55:13
	android:resource
		ADDED from AndroidManifest.xml:57:17
	android:name
		ADDED from AndroidManifest.xml:56:17
activity#com.fiktivo.neighbourhood.DetailActivity
ADDED from AndroidManifest.xml:60:9
	android:label
		ADDED from AndroidManifest.xml:62:13
	android:parentActivityName
		ADDED from AndroidManifest.xml:63:13
	android:name
		ADDED from AndroidManifest.xml:61:13
uses-sdk
INJECTED from AndroidManifest.xml:0:0 reason: use-sdk injection requested
MERGED from com.android.support:appcompat-v7:21.0.3:15:5
MERGED from com.android.support:support-v4:21.0.3:15:5
	android:targetSdkVersion
		INJECTED from AndroidManifest.xml:0:0
		INJECTED from AndroidManifest.xml:0:0
	android:minSdkVersion
		INJECTED from AndroidManifest.xml:0:0
		INJECTED from AndroidManifest.xml:0:0